<?xml version="1.0" encoding="UTF-8"?>
<testsuite name="com.qapsoft.io.DataCompressionTest" tests="2" skipped="0" failures="0" errors="0" timestamp="2025-01-20T10:26:44" hostname="DESKTOP-LJ8PJPQ" time="0.013">
  <properties/>
  <testcase name="inflateData()" classname="com.qapsoft.io.DataCompressionTest" time="0.007"/>
  <testcase name="deflateData()" classname="com.qapsoft.io.DataCompressionTest" time="0.005"/>
  <system-out><![CDATA[]]></system-out>
  <system-err><![CDATA[]]></system-err>
</testsuite>
