<?xml version="1.0" encoding="UTF-8"?>
<testsuite name="com.qapsoft.util.AESEncryptorTest" tests="1" skipped="0" failures="0" errors="0" timestamp="2025-01-20T10:26:44" hostname="DESKTOP-LJ8PJPQ" time="0.029">
  <properties/>
  <testcase name="doCrypto()" classname="com.qapsoft.util.AESEncryptorTest" time="0.029"/>
  <system-out><![CDATA[]]></system-out>
  <system-err><![CDATA[]]></system-err>
</testsuite>
