<?xml version="1.0" encoding="UTF-8"?>
<testsuite name="com.qapsoft.io.ByteArrayStreamTest" tests="3" skipped="0" failures="0" errors="0" timestamp="2025-01-20T10:26:44" hostname="DESKTOP-LJ8PJPQ" time="0.061">
  <properties/>
  <testcase name="writeOver()" classname="com.qapsoft.io.ByteArrayStreamTest" time="0.01"/>
  <testcase name="writeRandom()" classname="com.qapsoft.io.ByteArrayStreamTest" time="0.046"/>
  <testcase name="writeAt()" classname="com.qapsoft.io.ByteArrayStreamTest" time="0.003"/>
  <system-out><![CDATA[]]></system-out>
  <system-err><![CDATA[]]></system-err>
</testsuite>
